#
# There is insufficient memory for the Java Runtime Environment to continue.
# Native memory allocation (mmap) failed to map 268435456 bytes for G1 virtual space
# Possible reasons:
#   The system is out of physical RAM or swap space
#   The process is running with CompressedOops enabled, and the Java Heap may be blocking the growth of the native heap
# Possible solutions:
#   Reduce memory load on the system
#   Increase physical memory or swap space
#   Check if swap backing store is full
#   Decrease Java heap size (-Xmx/-Xms)
#   Decrease number of Java threads
#   Decrease Java thread stack sizes (-Xss)
#   Set larger code cache with -XX:ReservedCodeCacheSize=
#   JVM is running with Zero Based Compressed Oops mode in which the Java heap is
#     placed in the first 32GB address space. The Java Heap base address is the
#     maximum limit for the native heap growth. Please use -XX:HeapBaseMinAddress
#     to set the Java Heap base and to place the Java Heap above 32GB virtual address.
# This output file may be truncated or incomplete.
#
#  Out of Memory Error (os_windows.cpp:3466), pid=26852, tid=31132
#
# JRE version:  (16.0.2+7) (build )
# Java VM: OpenJDK 64-Bit Server VM (16.0.2+7-67, mixed mode, sharing, tiered, compressed oops, compressed class ptrs, g1 gc, windows-amd64)
# No core dump will be written. Minidumps are not enabled by default on client versions of Windows
#

---------------  S U M M A R Y ------------

Command Line: -Dfile.encoding=UTF-8 -XX:+ShowCodeDetailsInExceptionMessages graphic

Host: Intel(R) Core(TM) i7-7700HQ CPU @ 2.80GHz, 8 cores, 15G,  Windows 10 , 64 bit Build 19041 (10.0.19041.1348)
Time: Fri Nov 12 01:40:04 2021  Windows 10 , 64 bit Build 19041 (10.0.19041.1348) elapsed time: 0.031887 seconds (0d 0h 0m 0s)

---------------  T H R E A D  ---------------

Current thread (0x0000022bc55b78d0):  JavaThread "Unknown thread" [_thread_in_vm, id=31132, stack(0x000000ae69900000,0x000000ae69a00000)]

Stack: [0x000000ae69900000,0x000000ae69a00000]
Native frames: (J=compiled Java code, j=interpreted, Vv=VM code, C=native code)
V  [jvm.dll+0x6681ca]
V  [jvm.dll+0x7c9e69]
V  [jvm.dll+0x7cb61e]
V  [jvm.dll+0x7cbc73]
V  [jvm.dll+0x242c55]
V  [jvm.dll+0x664f89]
V  [jvm.dll+0x659b75]
V  [jvm.dll+0x2fbfbb]
V  [jvm.dll+0x3031b6]
V  [jvm.dll+0x35299e]
V  [jvm.dll+0x352bcf]
V  [jvm.dll+0x2d3028]
V  [jvm.dll+0x2d4264]
V  [jvm.dll+0x79c741]
V  [jvm.dll+0x360791]
V  [jvm.dll+0x77a3f0]
V  [jvm.dll+0x3e4e8f]
V  [jvm.dll+0x3e6961]
C  [jli.dll+0x52fb]
C  [ucrtbase.dll+0x21bb2]
C  [KERNEL32.DLL+0x17034]
C  [ntdll.dll+0x52651]


---------------  P R O C E S S  ---------------

Threads class SMR info:
_java_thread_list=0x00007ffa719acbb8, length=0, elements={
}

Java Threads: ( => current thread )

Other Threads:
  0x0000022bc5609890 GCTaskThread "GC Thread#0" [stack: 0x000000ae69a00000,0x000000ae69b00000] [id=25660]
  0x0000022bc561afb0 ConcurrentGCThread "G1 Main Marker" [stack: 0x000000ae69b00000,0x000000ae69c00000] [id=15620]
  0x0000022bc561baa0 ConcurrentGCThread "G1 Conc#0" [stack: 0x000000ae69c00000,0x000000ae69d00000] [id=14936]

[error occurred during error reporting (printing all threads), id 0xc0000005, EXCEPTION_ACCESS_VIOLATION (0xc0000005) at pc=0x00007ffa71183ee7]

VM state: not at safepoint (not fully initialized)

VM Mutex/Monitor currently owned by a thread:  ([mutex/lock_event])
[0x0000022bc55b45c0] Heap_lock - owner thread: 0x0000022bc55b78d0

Heap address: 0x0000000701c00000, size: 4068 MB, Compressed Oops mode: Zero based, Oop shift amount: 3

CDS archive(s) mapped at: [0x0000000000000000-0x0000000000000000-0x0000000000000000), size 0, SharedBaseAddress: 0x0000000800000000, ArchiveRelocationMode: 0.
Narrow klass base: 0x0000000000000000, Narrow klass shift: 0, Narrow klass range: 0x0

GC Precious Log:
<Empty>

Heap:
 garbage-first heap   total 0K, used 0K [0x0000000701c00000, 0x0000000800000000)
  region size 2048K, 0 young (0K), 0 survivors (0K)

[error occurred during error reporting (printing heap information), id 0xc0000005, EXCEPTION_ACCESS_VIOLATION (0xc0000005) at pc=0x00007ffa71561eed]

GC Heap History (0 events):
No events

Deoptimization events (0 events):
No events

Classes unloaded (0 events):
No events

Classes redefined (0 events):
No events

Internal exceptions (0 events):
No events

Events (1 events):
Event: 0.016 Loaded shared library C:\Users\wnsdy_3uous17\.p2\pool\plugins\org.eclipse.justj.openjdk.hotspot.jre.full.win32.x86_64_16.0.2.v20210721-1149\jre\bin\java.dll


Dynamic libraries:
0x00007ff69eee0000 - 0x00007ff69eeee000 	C:\Users\wnsdy_3uous17\.p2\pool\plugins\org.eclipse.justj.openjdk.hotspot.jre.full.win32.x86_64_16.0.2.v20210721-1149\jre\bin\javaw.exe
0x00007ffab3ed0000 - 0x00007ffab40c5000 	C:\WINDOWS\SYSTEM32\ntdll.dll
0x00007ffab2200000 - 0x00007ffab22be000 	C:\WINDOWS\System32\KERNEL32.DLL
0x00007ffab1770000 - 0x00007ffab1a38000 	C:\WINDOWS\System32\KERNELBASE.dll
0x00007ffab1670000 - 0x00007ffab1770000 	C:\WINDOWS\System32\ucrtbase.dll
0x00007ffaad170000 - 0x00007ffaad188000 	C:\Users\wnsdy_3uous17\.p2\pool\plugins\org.eclipse.justj.openjdk.hotspot.jre.full.win32.x86_64_16.0.2.v20210721-1149\jre\bin\jli.dll
0x00007ffaaba60000 - 0x00007ffaaba79000 	C:\Users\wnsdy_3uous17\.p2\pool\plugins\org.eclipse.justj.openjdk.hotspot.jre.full.win32.x86_64_16.0.2.v20210721-1149\jre\bin\VCRUNTIME140.dll
0x00007ffab28d0000 - 0x00007ffab2a71000 	C:\WINDOWS\System32\USER32.dll
0x00007ffab1d90000 - 0x00007ffab1db2000 	C:\WINDOWS\System32\win32u.dll
0x00007ffab21d0000 - 0x00007ffab21fb000 	C:\WINDOWS\System32\GDI32.dll
0x00007ffab1af0000 - 0x00007ffab1bfb000 	C:\WINDOWS\System32\gdi32full.dll
0x00007ffa978c0000 - 0x00007ffa97b5a000 	C:\WINDOWS\WinSxS\amd64_microsoft.windows.common-controls_6595b64144ccf1df_6.0.19041.1110_none_60b5254171f9507e\COMCTL32.dll
0x00007ffab1c90000 - 0x00007ffab1d2d000 	C:\WINDOWS\System32\msvcp_win.dll
0x00007ffab37e0000 - 0x00007ffab387e000 	C:\WINDOWS\System32\msvcrt.dll
0x00007ffab27f0000 - 0x00007ffab2820000 	C:\WINDOWS\System32\IMM32.DLL
0x00007ffaad2d0000 - 0x00007ffaad2dc000 	C:\Users\wnsdy_3uous17\.p2\pool\plugins\org.eclipse.justj.openjdk.hotspot.jre.full.win32.x86_64_16.0.2.v20210721-1149\jre\bin\vcruntime140_1.dll
0x00007ffaaad10000 - 0x00007ffaaada1000 	C:\Users\wnsdy_3uous17\.p2\pool\plugins\org.eclipse.justj.openjdk.hotspot.jre.full.win32.x86_64_16.0.2.v20210721-1149\jre\bin\msvcp140.dll
0x00007ffa70ea0000 - 0x00007ffa71a4b000 	C:\Users\wnsdy_3uous17\.p2\pool\plugins\org.eclipse.justj.openjdk.hotspot.jre.full.win32.x86_64_16.0.2.v20210721-1149\jre\bin\server\jvm.dll
0x00007ffab2000000 - 0x00007ffab20ac000 	C:\WINDOWS\System32\ADVAPI32.dll
0x00007ffab3520000 - 0x00007ffab35bb000 	C:\WINDOWS\System32\sechost.dll
0x00007ffab31c0000 - 0x00007ffab32ea000 	C:\WINDOWS\System32\RPCRT4.dll
0x00007ffab2620000 - 0x00007ffab2628000 	C:\WINDOWS\System32\PSAPI.DLL
0x00007ffaa6a90000 - 0x00007ffaa6ab7000 	C:\WINDOWS\SYSTEM32\WINMM.dll
0x00007ffa97c10000 - 0x00007ffa97c19000 	C:\WINDOWS\SYSTEM32\WSOCK32.dll
0x00007ffab34b0000 - 0x00007ffab351b000 	C:\WINDOWS\System32\WS2_32.dll
0x00007ffaa68a0000 - 0x00007ffaa68aa000 	C:\WINDOWS\SYSTEM32\VERSION.dll
0x00007ffaaf4f0000 - 0x00007ffaaf502000 	C:\WINDOWS\SYSTEM32\kernel.appcore.dll
0x00007ffaabdc0000 - 0x00007ffaabdca000 	C:\Users\wnsdy_3uous17\.p2\pool\plugins\org.eclipse.justj.openjdk.hotspot.jre.full.win32.x86_64_16.0.2.v20210721-1149\jre\bin\jimage.dll
0x00007ffa97330000 - 0x00007ffa97514000 	C:\WINDOWS\SYSTEM32\DBGHELP.DLL
0x00007ffa97210000 - 0x00007ffa9723c000 	C:\WINDOWS\SYSTEM32\dbgcore.DLL
0x00007ffab1c00000 - 0x00007ffab1c83000 	C:\WINDOWS\System32\bcryptPrimitives.dll
0x00007ffa79040000 - 0x00007ffa79065000 	C:\Users\wnsdy_3uous17\.p2\pool\plugins\org.eclipse.justj.openjdk.hotspot.jre.full.win32.x86_64_16.0.2.v20210721-1149\jre\bin\java.dll

dbghelp: loaded successfully - version: 4.0.5 - missing functions: none
symbol engine: initialized successfully - sym options: 0x614 - pdb path: .;C:\Users\wnsdy_3uous17\.p2\pool\plugins\org.eclipse.justj.openjdk.hotspot.jre.full.win32.x86_64_16.0.2.v20210721-1149\jre\bin;C:\WINDOWS\SYSTEM32;C:\WINDOWS\WinSxS\amd64_microsoft.windows.common-controls_6595b64144ccf1df_6.0.19041.1110_none_60b5254171f9507e;C:\Users\wnsdy_3uous17\.p2\pool\plugins\org.eclipse.justj.openjdk.hotspot.jre.full.win32.x86_64_16.0.2.v20210721-1149\jre\bin\server

VM Arguments:
jvm_args: -Dfile.encoding=UTF-8 -XX:+ShowCodeDetailsInExceptionMessages 
java_command: graphic
java_class_path (initial): C:\Users\wnsdy_3uous17\Documents\GitHub\PuzzleGame\graphic\bin
Launcher Type: SUN_STANDARD

[Global flags]
     intx CICompilerCount                          = 4                                         {product} {ergonomic}
     uint ConcGCThreads                            = 2                                         {product} {ergonomic}
     uint G1ConcRefinementThreads                  = 8                                         {product} {ergonomic}
   size_t G1HeapRegionSize                         = 2097152                                   {product} {ergonomic}
    uintx GCDrainStackTargetSize                   = 64                                        {product} {ergonomic}
   size_t InitialHeapSize                          = 268435456                                 {product} {ergonomic}
   size_t MarkStackSize                            = 4194304                                   {product} {ergonomic}
   size_t MaxHeapSize                              = 4265607168                                {product} {ergonomic}
   size_t MinHeapDeltaBytes                        = 2097152                                   {product} {ergonomic}
   size_t MinHeapSize                              = 8388608                                   {product} {ergonomic}
    uintx NonNMethodCodeHeapSize                   = 5839372                                {pd product} {ergonomic}
    uintx NonProfiledCodeHeapSize                  = 122909434                              {pd product} {ergonomic}
    uintx ProfiledCodeHeapSize                     = 122909434                              {pd product} {ergonomic}
    uintx ReservedCodeCacheSize                    = 251658240                              {pd product} {ergonomic}
     bool SegmentedCodeCache                       = true                                      {product} {ergonomic}
     bool ShowCodeDetailsInExceptionMessages       = true                                   {manageable} {command line}
   size_t SoftMaxHeapSize                          = 4265607168                             {manageable} {ergonomic}
     bool UseCompressedClassPointers               = true                           {product lp64_product} {ergonomic}
     bool UseCompressedOops                        = true                           {product lp64_product} {ergonomic}
     bool UseG1GC                                  = true                                      {product} {ergonomic}
     bool UseLargePagesIndividualAllocation        = false                                  {pd product} {ergonomic}

Logging:
Log output configuration:
 #0: stdout all=warning uptime,level,tags
 #1: stderr all=off uptime,level,tags

Environment Variables:
PATH=C:/Users/wnsdy_3uous17/.p2/pool/plugins/org.eclipse.justj.openjdk.hotspot.jre.full.win32.x86_64_16.0.2.v20210721-1149/jre/bin/server;C:/Users/wnsdy_3uous17/.p2/pool/plugins/org.eclipse.justj.openjdk.hotspot.jre.full.win32.x86_64_16.0.2.v20210721-1149/jre/bin;C:\Program Files (x86)\Intel\iCLS Client\;C:\Program Files\Intel\iCLS Client\;C:\Windows\system32;C:\Windows;C:\Windows\System32\Wbem;C:\Windows\System32\WindowsPowerShell\v1.0\;C:\Program Files\Intel\WiFi\bin\;C:\Program Files\Common Files\Intel\WirelessCommon\;C:\Program Files (x86)\NVIDIA Corporation\PhysX\Common;C:\Program Files (x86)\Intel\Intel(R) Management Engine Components\DAL;C:\Program Files\Intel\Intel(R) Management Engine Components\DAL;C:\Program Files (x86)\Intel\Intel(R) Management Engine Components\IPT;C:\Program Files\Intel\Intel(R) Management Engine Components\IPT;C:\WINDOWS\system32;C:\WINDOWS;C:\WINDOWS\System32\Wbem;C:\WINDOWS\System32\WindowsPowerShell\v1.0\;C:\WINDOWS\System32\OpenSSH\;C:\Program Files\NVIDIA Corporation\NVIDIA NvDLISR;C:\Program Files\dotnet\;C:\Users\wnsdy_3uous17\AppData\Local\Microsoft\WindowsApps;C:\Users\wnsdy_3uous17\.dotnet\tools;C:\Users\wnsdy_3uous17\AppData\Local\GitHubDesktop\bin;C:\Users\wnsdy_3uous17\Desktop;
USERNAME=wnsdy_3uous17
OS=Windows_NT
PROCESSOR_IDENTIFIER=Intel64 Family 6 Model 158 Stepping 9, GenuineIntel



---------------  S Y S T E M  ---------------

OS:
 Windows 10 , 64 bit Build 19041 (10.0.19041.1348)
OS uptime: 0 days 16:39 hours

CPU: total 8 (initial active 8) (4 cores per cpu, 2 threads per core) family 6 model 158 stepping 9 microcode 0xb4, cx8, cmov, fxsr, ht, mmx, 3dnowpref, sse, sse2, sse3, ssse3, sse4.1, sse4.2, popcnt, lzcnt, tsc, tscinvbit, avx, avx2, aes, erms, clmul, bmi1, bmi2, adx, fma, vzeroupper, clflush, clflushopt

Memory: 4k page, system-wide physical 16268M (7934M free)
TotalPageFile size 31401M (AvailPageFile size 164M)
current process WorkingSet (physical memory assigned to process): 10M, peak: 10M
current process commit charge ("private bytes"): 60M, peak: 315M

vm_info: OpenJDK 64-Bit Server VM (16.0.2+7-67) for windows-amd64 JRE (16.0.2+7-67), built on Jun  8 2021 23:21:43 by "mach5one" with MS VC++ 16.7 (VS2019)

END.
